/home/yipeiw/Documents/baseline/GenerateData/GetCorefPair.py /home/yipeiw/Documents/data/CESAR/CESAR_Jun-Sun-3-09-09-17-2012/object-reference.xml /home/yipeiw/Documents/baseline/metaData/Pairs/CESAR_Jun-Sun-3-09-09-17-2012.pair /home/yipeiw/Documents/baseline/English_Pronoun.list
defaultdict(<type 'int'>, {'this': 2, 'all': 2, 'everyone': 2, 'whoever': 2, 'theirs': 2, 'some': 2, 'it': 2, 'one': 2, 'himself': 2, 'yourself': 1, 'something': 2, 'another': 2, 'each other': 2, 'our': 1, 'themselves': 2, 'any': 2, 'whom': 2, 'everybody': 2, 'whose': 2, 'what': 2, 'her': 2, 'everything': 2, 'there': 2, 'who': 2, 'its': 2, 'anyone': 2, 'few': 2, 'other': 2, 'which': 2, 'ours': 1, 'neither': 2, 'several': 2, 'she': 2, 'them': 2, 'his': 2, 'somebody': 2, 'that': 2, 'nobody': 2, 'none': 2, 'here': 2, 'mine': 1, 'most': 2, 'we': 1, 'whichever': 2, 'they': 2, 'others': 2, 'hers': 2, 'yourselves': 1, 'no one': 2, 'herself': 2, 'him': 2, 'those': 2, 'he': 2, 'me': 1, 'both': 2, 'myself': 1, 'your': 1, 'anything': 2, 'i': 1, 'many': 2, 'anybody': 2, 'us': 1, 'yours': 1, 'their': 2, 'these': 2, 'someone': 2, 'itself': 2, 'either': 2, 'ourselves': 1, 'each': 2, 'you': 1, 'my': 1, 'whomever': 2})
initialize succeed  645
complete generation  43.7302620411
number of pro  192
/home/yipeiw/Documents/baseline/GenerateData/GetCorefPair.py /home/yipeiw/Documents/data/CESAR/CESAR_Jun-Sun-3-11-10-36-2012/object-reference.xml /home/yipeiw/Documents/baseline/metaData/Pairs/CESAR_Jun-Sun-3-11-10-36-2012.pair /home/yipeiw/Documents/baseline/English_Pronoun.list
defaultdict(<type 'int'>, {'this': 2, 'all': 2, 'everyone': 2, 'whoever': 2, 'theirs': 2, 'some': 2, 'it': 2, 'one': 2, 'himself': 2, 'yourself': 1, 'something': 2, 'another': 2, 'each other': 2, 'our': 1, 'themselves': 2, 'any': 2, 'whom': 2, 'everybody': 2, 'whose': 2, 'what': 2, 'her': 2, 'everything': 2, 'there': 2, 'who': 2, 'its': 2, 'anyone': 2, 'few': 2, 'other': 2, 'which': 2, 'ours': 1, 'neither': 2, 'several': 2, 'she': 2, 'them': 2, 'his': 2, 'somebody': 2, 'that': 2, 'nobody': 2, 'none': 2, 'here': 2, 'mine': 1, 'most': 2, 'we': 1, 'whichever': 2, 'they': 2, 'others': 2, 'hers': 2, 'yourselves': 1, 'no one': 2, 'herself': 2, 'him': 2, 'those': 2, 'he': 2, 'me': 1, 'both': 2, 'myself': 1, 'your': 1, 'anything': 2, 'i': 1, 'many': 2, 'anybody': 2, 'us': 1, 'yours': 1, 'their': 2, 'these': 2, 'someone': 2, 'itself': 2, 'either': 2, 'ourselves': 1, 'each': 2, 'you': 1, 'my': 1, 'whomever': 2})
initialize succeed  476
complete generation  16.8619949818
number of pro  150
/home/yipeiw/Documents/baseline/GenerateData/GetCorefPair.py /home/yipeiw/Documents/data/CESAR/CESAR_Jun-Sun-3-13-01-47-2012/object-reference.xml /home/yipeiw/Documents/baseline/metaData/Pairs/CESAR_Jun-Sun-3-13-01-47-2012.pair /home/yipeiw/Documents/baseline/English_Pronoun.list
defaultdict(<type 'int'>, {'this': 2, 'all': 2, 'everyone': 2, 'whoever': 2, 'theirs': 2, 'some': 2, 'it': 2, 'one': 2, 'himself': 2, 'yourself': 1, 'something': 2, 'another': 2, 'each other': 2, 'our': 1, 'themselves': 2, 'any': 2, 'whom': 2, 'everybody': 2, 'whose': 2, 'what': 2, 'her': 2, 'everything': 2, 'there': 2, 'who': 2, 'its': 2, 'anyone': 2, 'few': 2, 'other': 2, 'which': 2, 'ours': 1, 'neither': 2, 'several': 2, 'she': 2, 'them': 2, 'his': 2, 'somebody': 2, 'that': 2, 'nobody': 2, 'none': 2, 'here': 2, 'mine': 1, 'most': 2, 'we': 1, 'whichever': 2, 'they': 2, 'others': 2, 'hers': 2, 'yourselves': 1, 'no one': 2, 'herself': 2, 'him': 2, 'those': 2, 'he': 2, 'me': 1, 'both': 2, 'myself': 1, 'your': 1, 'anything': 2, 'i': 1, 'many': 2, 'anybody': 2, 'us': 1, 'yours': 1, 'their': 2, 'these': 2, 'someone': 2, 'itself': 2, 'either': 2, 'ourselves': 1, 'each': 2, 'you': 1, 'my': 1, 'whomever': 2})
initialize succeed  553
complete generation  29.8608038425
number of pro  203
/home/yipeiw/Documents/baseline/GenerateData/GetCorefPair.py /home/yipeiw/Documents/data/CESAR/CESAR_Jun-Thu-21-09-08-54-2012/object-reference.xml /home/yipeiw/Documents/baseline/metaData/Pairs/CESAR_Jun-Thu-21-09-08-54-2012.pair /home/yipeiw/Documents/baseline/English_Pronoun.list
defaultdict(<type 'int'>, {'this': 2, 'all': 2, 'everyone': 2, 'whoever': 2, 'theirs': 2, 'some': 2, 'it': 2, 'one': 2, 'himself': 2, 'yourself': 1, 'something': 2, 'another': 2, 'each other': 2, 'our': 1, 'themselves': 2, 'any': 2, 'whom': 2, 'everybody': 2, 'whose': 2, 'what': 2, 'her': 2, 'everything': 2, 'there': 2, 'who': 2, 'its': 2, 'anyone': 2, 'few': 2, 'other': 2, 'which': 2, 'ours': 1, 'neither': 2, 'several': 2, 'she': 2, 'them': 2, 'his': 2, 'somebody': 2, 'that': 2, 'nobody': 2, 'none': 2, 'here': 2, 'mine': 1, 'most': 2, 'we': 1, 'whichever': 2, 'they': 2, 'others': 2, 'hers': 2, 'yourselves': 1, 'no one': 2, 'herself': 2, 'him': 2, 'those': 2, 'he': 2, 'me': 1, 'both': 2, 'myself': 1, 'your': 1, 'anything': 2, 'i': 1, 'many': 2, 'anybody': 2, 'us': 1, 'yours': 1, 'their': 2, 'these': 2, 'someone': 2, 'itself': 2, 'either': 2, 'ourselves': 1, 'each': 2, 'you': 1, 'my': 1, 'whomever': 2})
initialize succeed  893
complete generation  100.674098015
number of pro  240
/home/yipeiw/Documents/baseline/GenerateData/GetCorefPair.py /home/yipeiw/Documents/data/CESAR/CESAR_Jun-Thu-21-11-04-52-2012/object-reference.xml /home/yipeiw/Documents/baseline/metaData/Pairs/CESAR_Jun-Thu-21-11-04-52-2012.pair /home/yipeiw/Documents/baseline/English_Pronoun.list
defaultdict(<type 'int'>, {'this': 2, 'all': 2, 'everyone': 2, 'whoever': 2, 'theirs': 2, 'some': 2, 'it': 2, 'one': 2, 'himself': 2, 'yourself': 1, 'something': 2, 'another': 2, 'each other': 2, 'our': 1, 'themselves': 2, 'any': 2, 'whom': 2, 'everybody': 2, 'whose': 2, 'what': 2, 'her': 2, 'everything': 2, 'there': 2, 'who': 2, 'its': 2, 'anyone': 2, 'few': 2, 'other': 2, 'which': 2, 'ours': 1, 'neither': 2, 'several': 2, 'she': 2, 'them': 2, 'his': 2, 'somebody': 2, 'that': 2, 'nobody': 2, 'none': 2, 'here': 2, 'mine': 1, 'most': 2, 'we': 1, 'whichever': 2, 'they': 2, 'others': 2, 'hers': 2, 'yourselves': 1, 'no one': 2, 'herself': 2, 'him': 2, 'those': 2, 'he': 2, 'me': 1, 'both': 2, 'myself': 1, 'your': 1, 'anything': 2, 'i': 1, 'many': 2, 'anybody': 2, 'us': 1, 'yours': 1, 'their': 2, 'these': 2, 'someone': 2, 'itself': 2, 'either': 2, 'ourselves': 1, 'each': 2, 'you': 1, 'my': 1, 'whomever': 2})
initialize succeed  575
complete generation  22.7126111984
number of pro  135
/home/yipeiw/Documents/baseline/GenerateData/GetCorefPair.py /home/yipeiw/Documents/data/CESAR/CESAR_Jun-Thu-21-13-30-23-2012/object-reference.xml /home/yipeiw/Documents/baseline/metaData/Pairs/CESAR_Jun-Thu-21-13-30-23-2012.pair /home/yipeiw/Documents/baseline/English_Pronoun.list
defaultdict(<type 'int'>, {'this': 2, 'all': 2, 'everyone': 2, 'whoever': 2, 'theirs': 2, 'some': 2, 'it': 2, 'one': 2, 'himself': 2, 'yourself': 1, 'something': 2, 'another': 2, 'each other': 2, 'our': 1, 'themselves': 2, 'any': 2, 'whom': 2, 'everybody': 2, 'whose': 2, 'what': 2, 'her': 2, 'everything': 2, 'there': 2, 'who': 2, 'its': 2, 'anyone': 2, 'few': 2, 'other': 2, 'which': 2, 'ours': 1, 'neither': 2, 'several': 2, 'she': 2, 'them': 2, 'his': 2, 'somebody': 2, 'that': 2, 'nobody': 2, 'none': 2, 'here': 2, 'mine': 1, 'most': 2, 'we': 1, 'whichever': 2, 'they': 2, 'others': 2, 'hers': 2, 'yourselves': 1, 'no one': 2, 'herself': 2, 'him': 2, 'those': 2, 'he': 2, 'me': 1, 'both': 2, 'myself': 1, 'your': 1, 'anything': 2, 'i': 1, 'many': 2, 'anybody': 2, 'us': 1, 'yours': 1, 'their': 2, 'these': 2, 'someone': 2, 'itself': 2, 'either': 2, 'ourselves': 1, 'each': 2, 'you': 1, 'my': 1, 'whomever': 2})
initialize succeed  557
complete generation  20.5622730255
number of pro  138
/home/yipeiw/Documents/baseline/GenerateData/GetCorefPair.py /home/yipeiw/Documents/data/CESAR/CESAR_Jun-Thu-21-17-12-36-2012/object-reference.xml /home/yipeiw/Documents/baseline/metaData/Pairs/CESAR_Jun-Thu-21-17-12-36-2012.pair /home/yipeiw/Documents/baseline/English_Pronoun.list
defaultdict(<type 'int'>, {'this': 2, 'all': 2, 'everyone': 2, 'whoever': 2, 'theirs': 2, 'some': 2, 'it': 2, 'one': 2, 'himself': 2, 'yourself': 1, 'something': 2, 'another': 2, 'each other': 2, 'our': 1, 'themselves': 2, 'any': 2, 'whom': 2, 'everybody': 2, 'whose': 2, 'what': 2, 'her': 2, 'everything': 2, 'there': 2, 'who': 2, 'its': 2, 'anyone': 2, 'few': 2, 'other': 2, 'which': 2, 'ours': 1, 'neither': 2, 'several': 2, 'she': 2, 'them': 2, 'his': 2, 'somebody': 2, 'that': 2, 'nobody': 2, 'none': 2, 'here': 2, 'mine': 1, 'most': 2, 'we': 1, 'whichever': 2, 'they': 2, 'others': 2, 'hers': 2, 'yourselves': 1, 'no one': 2, 'herself': 2, 'him': 2, 'those': 2, 'he': 2, 'me': 1, 'both': 2, 'myself': 1, 'your': 1, 'anything': 2, 'i': 1, 'many': 2, 'anybody': 2, 'us': 1, 'yours': 1, 'their': 2, 'these': 2, 'someone': 2, 'itself': 2, 'either': 2, 'ourselves': 1, 'each': 2, 'you': 1, 'my': 1, 'whomever': 2})
initialize succeed  464
complete generation  11.5437581539
number of pro  100
/home/yipeiw/Documents/baseline/GenerateData/GetCorefPair.py /home/yipeiw/Documents/data/CESAR/CESAR_May-Fri-25-14-55-42-2012/object-reference.xml /home/yipeiw/Documents/baseline/metaData/Pairs/CESAR_May-Fri-25-14-55-42-2012.pair /home/yipeiw/Documents/baseline/English_Pronoun.list
defaultdict(<type 'int'>, {'this': 2, 'all': 2, 'everyone': 2, 'whoever': 2, 'theirs': 2, 'some': 2, 'it': 2, 'one': 2, 'himself': 2, 'yourself': 1, 'something': 2, 'another': 2, 'each other': 2, 'our': 1, 'themselves': 2, 'any': 2, 'whom': 2, 'everybody': 2, 'whose': 2, 'what': 2, 'her': 2, 'everything': 2, 'there': 2, 'who': 2, 'its': 2, 'anyone': 2, 'few': 2, 'other': 2, 'which': 2, 'ours': 1, 'neither': 2, 'several': 2, 'she': 2, 'them': 2, 'his': 2, 'somebody': 2, 'that': 2, 'nobody': 2, 'none': 2, 'here': 2, 'mine': 1, 'most': 2, 'we': 1, 'whichever': 2, 'they': 2, 'others': 2, 'hers': 2, 'yourselves': 1, 'no one': 2, 'herself': 2, 'him': 2, 'those': 2, 'he': 2, 'me': 1, 'both': 2, 'myself': 1, 'your': 1, 'anything': 2, 'i': 1, 'many': 2, 'anybody': 2, 'us': 1, 'yours': 1, 'their': 2, 'these': 2, 'someone': 2, 'itself': 2, 'either': 2, 'ourselves': 1, 'each': 2, 'you': 1, 'my': 1, 'whomever': 2})
initialize succeed  721
complete generation  47.4107170105
number of pro  204
/home/yipeiw/Documents/baseline/GenerateData/GetCorefPair.py /home/yipeiw/Documents/data/CESAR/CESAR_May-Fri-25-17-05-43-2012/object-reference.xml /home/yipeiw/Documents/baseline/metaData/Pairs/CESAR_May-Fri-25-17-05-43-2012.pair /home/yipeiw/Documents/baseline/English_Pronoun.list
defaultdict(<type 'int'>, {'this': 2, 'all': 2, 'everyone': 2, 'whoever': 2, 'theirs': 2, 'some': 2, 'it': 2, 'one': 2, 'himself': 2, 'yourself': 1, 'something': 2, 'another': 2, 'each other': 2, 'our': 1, 'themselves': 2, 'any': 2, 'whom': 2, 'everybody': 2, 'whose': 2, 'what': 2, 'her': 2, 'everything': 2, 'there': 2, 'who': 2, 'its': 2, 'anyone': 2, 'few': 2, 'other': 2, 'which': 2, 'ours': 1, 'neither': 2, 'several': 2, 'she': 2, 'them': 2, 'his': 2, 'somebody': 2, 'that': 2, 'nobody': 2, 'none': 2, 'here': 2, 'mine': 1, 'most': 2, 'we': 1, 'whichever': 2, 'they': 2, 'others': 2, 'hers': 2, 'yourselves': 1, 'no one': 2, 'herself': 2, 'him': 2, 'those': 2, 'he': 2, 'me': 1, 'both': 2, 'myself': 1, 'your': 1, 'anything': 2, 'i': 1, 'many': 2, 'anybody': 2, 'us': 1, 'yours': 1, 'their': 2, 'these': 2, 'someone': 2, 'itself': 2, 'either': 2, 'ourselves': 1, 'each': 2, 'you': 1, 'my': 1, 'whomever': 2})
initialize succeed  547
complete generation  16.4728479385
number of pro  147
/home/yipeiw/Documents/baseline/GenerateData/GetCorefPair.py /home/yipeiw/Documents/data/CESAR/CESAR_May-Fri-25-19-15-14-2012/object-reference.xml /home/yipeiw/Documents/baseline/metaData/Pairs/CESAR_May-Fri-25-19-15-14-2012.pair /home/yipeiw/Documents/baseline/English_Pronoun.list
defaultdict(<type 'int'>, {'this': 2, 'all': 2, 'everyone': 2, 'whoever': 2, 'theirs': 2, 'some': 2, 'it': 2, 'one': 2, 'himself': 2, 'yourself': 1, 'something': 2, 'another': 2, 'each other': 2, 'our': 1, 'themselves': 2, 'any': 2, 'whom': 2, 'everybody': 2, 'whose': 2, 'what': 2, 'her': 2, 'everything': 2, 'there': 2, 'who': 2, 'its': 2, 'anyone': 2, 'few': 2, 'other': 2, 'which': 2, 'ours': 1, 'neither': 2, 'several': 2, 'she': 2, 'them': 2, 'his': 2, 'somebody': 2, 'that': 2, 'nobody': 2, 'none': 2, 'here': 2, 'mine': 1, 'most': 2, 'we': 1, 'whichever': 2, 'they': 2, 'others': 2, 'hers': 2, 'yourselves': 1, 'no one': 2, 'herself': 2, 'him': 2, 'those': 2, 'he': 2, 'me': 1, 'both': 2, 'myself': 1, 'your': 1, 'anything': 2, 'i': 1, 'many': 2, 'anybody': 2, 'us': 1, 'yours': 1, 'their': 2, 'these': 2, 'someone': 2, 'itself': 2, 'either': 2, 'ourselves': 1, 'each': 2, 'you': 1, 'my': 1, 'whomever': 2})
initialize succeed  452
complete generation  12.6703250408
number of pro  131
/home/yipeiw/Documents/baseline/GenerateData/GetCorefPair.py /home/yipeiw/Documents/data/CESAR/CESAR_May-Thu-17-11-36-14-2012/object-reference.xml /home/yipeiw/Documents/baseline/metaData/Pairs/CESAR_May-Thu-17-11-36-14-2012.pair /home/yipeiw/Documents/baseline/English_Pronoun.list
defaultdict(<type 'int'>, {'this': 2, 'all': 2, 'everyone': 2, 'whoever': 2, 'theirs': 2, 'some': 2, 'it': 2, 'one': 2, 'himself': 2, 'yourself': 1, 'something': 2, 'another': 2, 'each other': 2, 'our': 1, 'themselves': 2, 'any': 2, 'whom': 2, 'everybody': 2, 'whose': 2, 'what': 2, 'her': 2, 'everything': 2, 'there': 2, 'who': 2, 'its': 2, 'anyone': 2, 'few': 2, 'other': 2, 'which': 2, 'ours': 1, 'neither': 2, 'several': 2, 'she': 2, 'them': 2, 'his': 2, 'somebody': 2, 'that': 2, 'nobody': 2, 'none': 2, 'here': 2, 'mine': 1, 'most': 2, 'we': 1, 'whichever': 2, 'they': 2, 'others': 2, 'hers': 2, 'yourselves': 1, 'no one': 2, 'herself': 2, 'him': 2, 'those': 2, 'he': 2, 'me': 1, 'both': 2, 'myself': 1, 'your': 1, 'anything': 2, 'i': 1, 'many': 2, 'anybody': 2, 'us': 1, 'yours': 1, 'their': 2, 'these': 2, 'someone': 2, 'itself': 2, 'either': 2, 'ourselves': 1, 'each': 2, 'you': 1, 'my': 1, 'whomever': 2})
initialize succeed  451
complete generation  9.63152003288
number of pro  138
/home/yipeiw/Documents/baseline/GenerateData/GetCorefPair.py /home/yipeiw/Documents/data/CESAR/CESAR_May-Thu-31-09-17-54-2012/object-reference.xml /home/yipeiw/Documents/baseline/metaData/Pairs/CESAR_May-Thu-31-09-17-54-2012.pair /home/yipeiw/Documents/baseline/English_Pronoun.list
defaultdict(<type 'int'>, {'this': 2, 'all': 2, 'everyone': 2, 'whoever': 2, 'theirs': 2, 'some': 2, 'it': 2, 'one': 2, 'himself': 2, 'yourself': 1, 'something': 2, 'another': 2, 'each other': 2, 'our': 1, 'themselves': 2, 'any': 2, 'whom': 2, 'everybody': 2, 'whose': 2, 'what': 2, 'her': 2, 'everything': 2, 'there': 2, 'who': 2, 'its': 2, 'anyone': 2, 'few': 2, 'other': 2, 'which': 2, 'ours': 1, 'neither': 2, 'several': 2, 'she': 2, 'them': 2, 'his': 2, 'somebody': 2, 'that': 2, 'nobody': 2, 'none': 2, 'here': 2, 'mine': 1, 'most': 2, 'we': 1, 'whichever': 2, 'they': 2, 'others': 2, 'hers': 2, 'yourselves': 1, 'no one': 2, 'herself': 2, 'him': 2, 'those': 2, 'he': 2, 'me': 1, 'both': 2, 'myself': 1, 'your': 1, 'anything': 2, 'i': 1, 'many': 2, 'anybody': 2, 'us': 1, 'yours': 1, 'their': 2, 'these': 2, 'someone': 2, 'itself': 2, 'either': 2, 'ourselves': 1, 'each': 2, 'you': 1, 'my': 1, 'whomever': 2})
initialize succeed  481
complete generation  15.9460480213
number of pro  121
/home/yipeiw/Documents/baseline/GenerateData/GetCorefPair.py /home/yipeiw/Documents/data/CESAR/CESAR_May-Thu-31-11-21-35-2012/object-reference.xml /home/yipeiw/Documents/baseline/metaData/Pairs/CESAR_May-Thu-31-11-21-35-2012.pair /home/yipeiw/Documents/baseline/English_Pronoun.list
defaultdict(<type 'int'>, {'this': 2, 'all': 2, 'everyone': 2, 'whoever': 2, 'theirs': 2, 'some': 2, 'it': 2, 'one': 2, 'himself': 2, 'yourself': 1, 'something': 2, 'another': 2, 'each other': 2, 'our': 1, 'themselves': 2, 'any': 2, 'whom': 2, 'everybody': 2, 'whose': 2, 'what': 2, 'her': 2, 'everything': 2, 'there': 2, 'who': 2, 'its': 2, 'anyone': 2, 'few': 2, 'other': 2, 'which': 2, 'ours': 1, 'neither': 2, 'several': 2, 'she': 2, 'them': 2, 'his': 2, 'somebody': 2, 'that': 2, 'nobody': 2, 'none': 2, 'here': 2, 'mine': 1, 'most': 2, 'we': 1, 'whichever': 2, 'they': 2, 'others': 2, 'hers': 2, 'yourselves': 1, 'no one': 2, 'herself': 2, 'him': 2, 'those': 2, 'he': 2, 'me': 1, 'both': 2, 'myself': 1, 'your': 1, 'anything': 2, 'i': 1, 'many': 2, 'anybody': 2, 'us': 1, 'yours': 1, 'their': 2, 'these': 2, 'someone': 2, 'itself': 2, 'either': 2, 'ourselves': 1, 'each': 2, 'you': 1, 'my': 1, 'whomever': 2})
initialize succeed  425
complete generation  8.38608407974
number of pro  64
/home/yipeiw/Documents/baseline/GenerateData/GetCorefPair.py /home/yipeiw/Documents/data/CESAR/CESAR_May-Thu-31-15-06-55-2012/object-reference.xml /home/yipeiw/Documents/baseline/metaData/Pairs/CESAR_May-Thu-31-15-06-55-2012.pair /home/yipeiw/Documents/baseline/English_Pronoun.list
defaultdict(<type 'int'>, {'this': 2, 'all': 2, 'everyone': 2, 'whoever': 2, 'theirs': 2, 'some': 2, 'it': 2, 'one': 2, 'himself': 2, 'yourself': 1, 'something': 2, 'another': 2, 'each other': 2, 'our': 1, 'themselves': 2, 'any': 2, 'whom': 2, 'everybody': 2, 'whose': 2, 'what': 2, 'her': 2, 'everything': 2, 'there': 2, 'who': 2, 'its': 2, 'anyone': 2, 'few': 2, 'other': 2, 'which': 2, 'ours': 1, 'neither': 2, 'several': 2, 'she': 2, 'them': 2, 'his': 2, 'somebody': 2, 'that': 2, 'nobody': 2, 'none': 2, 'here': 2, 'mine': 1, 'most': 2, 'we': 1, 'whichever': 2, 'they': 2, 'others': 2, 'hers': 2, 'yourselves': 1, 'no one': 2, 'herself': 2, 'him': 2, 'those': 2, 'he': 2, 'me': 1, 'both': 2, 'myself': 1, 'your': 1, 'anything': 2, 'i': 1, 'many': 2, 'anybody': 2, 'us': 1, 'yours': 1, 'their': 2, 'these': 2, 'someone': 2, 'itself': 2, 'either': 2, 'ourselves': 1, 'each': 2, 'you': 1, 'my': 1, 'whomever': 2})
initialize succeed  500
complete generation  13.8800370693
number of pro  112
/home/yipeiw/Documents/baseline/GenerateData/GetCorefPair.py /home/yipeiw/Documents/data/CESAR/CESAR_May-Tue-29-13-06-47-2012/object-reference.xml /home/yipeiw/Documents/baseline/metaData/Pairs/CESAR_May-Tue-29-13-06-47-2012.pair /home/yipeiw/Documents/baseline/English_Pronoun.list
defaultdict(<type 'int'>, {'this': 2, 'all': 2, 'everyone': 2, 'whoever': 2, 'theirs': 2, 'some': 2, 'it': 2, 'one': 2, 'himself': 2, 'yourself': 1, 'something': 2, 'another': 2, 'each other': 2, 'our': 1, 'themselves': 2, 'any': 2, 'whom': 2, 'everybody': 2, 'whose': 2, 'what': 2, 'her': 2, 'everything': 2, 'there': 2, 'who': 2, 'its': 2, 'anyone': 2, 'few': 2, 'other': 2, 'which': 2, 'ours': 1, 'neither': 2, 'several': 2, 'she': 2, 'them': 2, 'his': 2, 'somebody': 2, 'that': 2, 'nobody': 2, 'none': 2, 'here': 2, 'mine': 1, 'most': 2, 'we': 1, 'whichever': 2, 'they': 2, 'others': 2, 'hers': 2, 'yourselves': 1, 'no one': 2, 'herself': 2, 'him': 2, 'those': 2, 'he': 2, 'me': 1, 'both': 2, 'myself': 1, 'your': 1, 'anything': 2, 'i': 1, 'many': 2, 'anybody': 2, 'us': 1, 'yours': 1, 'their': 2, 'these': 2, 'someone': 2, 'itself': 2, 'either': 2, 'ourselves': 1, 'each': 2, 'you': 1, 'my': 1, 'whomever': 2})
initialize succeed  747
complete generation  46.2720429897
number of pro  234
