error names
a friend of mine
the Nanotech Industries
the police car
food
the vice president
commissary
the door
Crown Start-Up Funds
Moffett Field highway
Jaime Lannister
the other way
Moffett
Japan
hotel room
the commissary
the giant bus
Singularity University
a gas station
the leader
a second card
the next intersection
army barracks
the next stop sign
the post office
Jaime
Barack Obama
the vicinity
the next parking lot entrance
army barrack
the truck
Sam
the museum
hotel
the barracks
the trailer
gas tanks
relics
Steve Rosenberg
the car
the gym
a commissary
the stop sign
house
Postal Patrons
the swimming pool
a museum
San Francisco
home
three buildings
the next driver
Mike
quarterly report back
the building on the left
section
Sam's
the first building
the antenna
the brake
the expressway
Hangar One
the old NEX
swimming pool's
a bowling alley
a tour bus
base
the document
five people
Sam McKenna
the hotel parking lot
box
the Wescott hotel
Nano Funds
the Air Force One
the building
Perimeter Road
the first sheet
a car
Nanotech Industries
the window
a friend
the quarterly report
stop sign
Carnegie Mellon
Ben Reeves
the street
message
room two seventeen
Crown Start-Up fields
the driveway
a good cafeteria
museum
the highway
McDonald's
two
building one five two
the area
the hotel
bowling alley
the McDonald's
the golf golf course
angel of funds company
friend
VTA
the other one
a conference center
NASA AMES
Phil
the Big Mac
Nanotech
the hangars
a little curb
hotel lobby
the report
Ned Stark's
town
Phil Collison
the city of Moffett Field
Phil's
the restaurant
the walls
the three sixty degree camera
McCord
the second floor
the drive-through
the weight room
Moffett Field
the gas station
the first stop sign
the teeny car
curb
the conference center
the department store
hangar
the McDonald's drive-through
the army barracks
things
Air Force One
the letter
the nearest gas station
the road
a golf course
the hotel lobby
back seat
drive-through
the parking lot
pumps
letter
Palo Alto
four seventeen McCoon
Oakland
the intersection
a friend of his
the inside seating
post office
Stark Lady
five
the drive-through window
