/home/yipeiw/Documents/baseline/FeatureExtraction/WordTokenAlgin.py /home/yipeiw/Documents/baseline/preprocess/ParseResult/BySpeaker/CESAR_Jun-Sun-3-09-09-17-2012.xml /home/yipeiw/Documents/baseline/preprocess/sentence/BySpeaker/CESAR_Jun-Sun-3-09-09-17-2012.idx /home/yipeiw/Documents/baseline/metaData/WordTokenAlign/CESAR_Jun-Sun-3-09-09-17-2012.feat
number of sentences  512
/home/yipeiw/Documents/baseline/FeatureExtraction/WordTokenAlgin.py /home/yipeiw/Documents/baseline/preprocess/ParseResult/BySpeaker/CESAR_Jun-Sun-3-11-10-36-2012.xml /home/yipeiw/Documents/baseline/preprocess/sentence/BySpeaker/CESAR_Jun-Sun-3-11-10-36-2012.idx /home/yipeiw/Documents/baseline/metaData/WordTokenAlign/CESAR_Jun-Sun-3-11-10-36-2012.feat
number of sentences  381
/home/yipeiw/Documents/baseline/FeatureExtraction/WordTokenAlgin.py /home/yipeiw/Documents/baseline/preprocess/ParseResult/BySpeaker/CESAR_Jun-Sun-3-13-01-47-2012.xml /home/yipeiw/Documents/baseline/preprocess/sentence/BySpeaker/CESAR_Jun-Sun-3-13-01-47-2012.idx /home/yipeiw/Documents/baseline/metaData/WordTokenAlign/CESAR_Jun-Sun-3-13-01-47-2012.feat
number of sentences  536
/home/yipeiw/Documents/baseline/FeatureExtraction/WordTokenAlgin.py /home/yipeiw/Documents/baseline/preprocess/ParseResult/BySpeaker/CESAR_Jun-Thu-21-09-08-54-2012.xml /home/yipeiw/Documents/baseline/preprocess/sentence/BySpeaker/CESAR_Jun-Thu-21-09-08-54-2012.idx /home/yipeiw/Documents/baseline/metaData/WordTokenAlign/CESAR_Jun-Thu-21-09-08-54-2012.feat
number of sentences  756
/home/yipeiw/Documents/baseline/FeatureExtraction/WordTokenAlgin.py /home/yipeiw/Documents/baseline/preprocess/ParseResult/BySpeaker/CESAR_Jun-Thu-21-11-04-52-2012.xml /home/yipeiw/Documents/baseline/preprocess/sentence/BySpeaker/CESAR_Jun-Thu-21-11-04-52-2012.idx /home/yipeiw/Documents/baseline/metaData/WordTokenAlign/CESAR_Jun-Thu-21-11-04-52-2012.feat
number of sentences  342
/home/yipeiw/Documents/baseline/FeatureExtraction/WordTokenAlgin.py /home/yipeiw/Documents/baseline/preprocess/ParseResult/BySpeaker/CESAR_Jun-Thu-21-13-30-23-2012.xml /home/yipeiw/Documents/baseline/preprocess/sentence/BySpeaker/CESAR_Jun-Thu-21-13-30-23-2012.idx /home/yipeiw/Documents/baseline/metaData/WordTokenAlign/CESAR_Jun-Thu-21-13-30-23-2012.feat
number of sentences  330
/home/yipeiw/Documents/baseline/FeatureExtraction/WordTokenAlgin.py /home/yipeiw/Documents/baseline/preprocess/ParseResult/BySpeaker/CESAR_Jun-Thu-21-17-12-36-2012.xml /home/yipeiw/Documents/baseline/preprocess/sentence/BySpeaker/CESAR_Jun-Thu-21-17-12-36-2012.idx /home/yipeiw/Documents/baseline/metaData/WordTokenAlign/CESAR_Jun-Thu-21-17-12-36-2012.feat
number of sentences  476
/home/yipeiw/Documents/baseline/FeatureExtraction/WordTokenAlgin.py /home/yipeiw/Documents/baseline/preprocess/ParseResult/BySpeaker/CESAR_May-Fri-25-14-55-42-2012.xml /home/yipeiw/Documents/baseline/preprocess/sentence/BySpeaker/CESAR_May-Fri-25-14-55-42-2012.idx /home/yipeiw/Documents/baseline/metaData/WordTokenAlign/CESAR_May-Fri-25-14-55-42-2012.feat
number of sentences  645
/home/yipeiw/Documents/baseline/FeatureExtraction/WordTokenAlgin.py /home/yipeiw/Documents/baseline/preprocess/ParseResult/BySpeaker/CESAR_May-Fri-25-17-05-43-2012.xml /home/yipeiw/Documents/baseline/preprocess/sentence/BySpeaker/CESAR_May-Fri-25-17-05-43-2012.idx /home/yipeiw/Documents/baseline/metaData/WordTokenAlign/CESAR_May-Fri-25-17-05-43-2012.feat
number of sentences  389
/home/yipeiw/Documents/baseline/FeatureExtraction/WordTokenAlgin.py /home/yipeiw/Documents/baseline/preprocess/ParseResult/BySpeaker/CESAR_May-Fri-25-19-15-14-2012.xml /home/yipeiw/Documents/baseline/preprocess/sentence/BySpeaker/CESAR_May-Fri-25-19-15-14-2012.idx /home/yipeiw/Documents/baseline/metaData/WordTokenAlign/CESAR_May-Fri-25-19-15-14-2012.feat
number of sentences  332
/home/yipeiw/Documents/baseline/FeatureExtraction/WordTokenAlgin.py /home/yipeiw/Documents/baseline/preprocess/ParseResult/BySpeaker/CESAR_May-Thu-17-11-36-14-2012.xml /home/yipeiw/Documents/baseline/preprocess/sentence/BySpeaker/CESAR_May-Thu-17-11-36-14-2012.idx /home/yipeiw/Documents/baseline/metaData/WordTokenAlign/CESAR_May-Thu-17-11-36-14-2012.feat
number of sentences  348
/home/yipeiw/Documents/baseline/FeatureExtraction/WordTokenAlgin.py /home/yipeiw/Documents/baseline/preprocess/ParseResult/BySpeaker/CESAR_May-Thu-31-09-17-54-2012.xml /home/yipeiw/Documents/baseline/preprocess/sentence/BySpeaker/CESAR_May-Thu-31-09-17-54-2012.idx /home/yipeiw/Documents/baseline/metaData/WordTokenAlign/CESAR_May-Thu-31-09-17-54-2012.feat
number of sentences  435
/home/yipeiw/Documents/baseline/FeatureExtraction/WordTokenAlgin.py /home/yipeiw/Documents/baseline/preprocess/ParseResult/BySpeaker/CESAR_May-Thu-31-11-21-35-2012.xml /home/yipeiw/Documents/baseline/preprocess/sentence/BySpeaker/CESAR_May-Thu-31-11-21-35-2012.idx /home/yipeiw/Documents/baseline/metaData/WordTokenAlign/CESAR_May-Thu-31-11-21-35-2012.feat
number of sentences  325
/home/yipeiw/Documents/baseline/FeatureExtraction/WordTokenAlgin.py /home/yipeiw/Documents/baseline/preprocess/ParseResult/BySpeaker/CESAR_May-Thu-31-15-06-55-2012.xml /home/yipeiw/Documents/baseline/preprocess/sentence/BySpeaker/CESAR_May-Thu-31-15-06-55-2012.idx /home/yipeiw/Documents/baseline/metaData/WordTokenAlign/CESAR_May-Thu-31-15-06-55-2012.feat
number of sentences  224
/home/yipeiw/Documents/baseline/FeatureExtraction/WordTokenAlgin.py /home/yipeiw/Documents/baseline/preprocess/ParseResult/BySpeaker/CESAR_May-Tue-29-13-06-47-2012.xml /home/yipeiw/Documents/baseline/preprocess/sentence/BySpeaker/CESAR_May-Tue-29-13-06-47-2012.idx /home/yipeiw/Documents/baseline/metaData/WordTokenAlign/CESAR_May-Tue-29-13-06-47-2012.feat
number of sentences  663
